<?xml version="1.0" encoding="UTF-8"?>
<!-- Generated by org.testng.reporters.JUnitXMLReporter -->
<testsuite ignored="0" hostname="MacBook-Pro-3" failures="0" tests="4" name="Test" time="13.689" errors="0" timestamp="2020-12-07T21:46:43 EST">
  <testcase classname="Framework.End2End.ValidateNumber" name="validateNumber" time="2.976"/>
  <testcase classname="Framework.End2End.ValidateLogo" name="validateLogo" time="2.575"/>
  <testcase classname="Framework.End2End.HomePageTest" name="baseNavigationPath" time="4.091"/>
  <testcase classname="Framework.End2End.HomePageTest" name="baseNavigationPath" time="3.892"/>
</testsuite> <!-- Test -->
