<?xml version="1.0" encoding="UTF-8"?>
<testng-results ignored="0" total="2" passed="2" failed="0" skipped="0">
  <reporter-output>
  </reporter-output>
  <suite started-at="2020-12-09T21:57:57 EST" name="Suite" finished-at="2020-12-09T21:58:05 EST" duration-ms="8123">
    <groups>
      <group name="cucumber">
        <method signature="AbstractTestNGCucumberTests.runScenario(io.cucumber.testng.PickleWrapper, io.cucumber.testng.FeatureWrapper)[pri:0, instance:cucumberOptions.TestRunner@275710fc]" name="runScenario" class="io.cucumber.testng.AbstractTestNGCucumberTests"/>
      </group> <!-- cucumber -->
    </groups>
    <test started-at="2020-12-09T21:57:57 EST" name="validateNumber" finished-at="2020-12-09T21:58:05 EST" duration-ms="8123">
      <class name="cucumberOptions.TestRunner">
        <test-method is-config="true" signature="setUpClass()[pri:0, instance:cucumberOptions.TestRunner@275710fc]" started-at="2020-12-09T21:57:57 EST" name="setUpClass" finished-at="2020-12-09T21:57:57 EST" duration-ms="183" status="PASS">
          <reporter-output>
          </reporter-output>
        </test-method> <!-- setUpClass -->
        <test-method signature="runScenario(io.cucumber.testng.PickleWrapper, io.cucumber.testng.FeatureWrapper)[pri:0, instance:cucumberOptions.TestRunner@275710fc]" started-at="2020-12-09T21:57:57 EST" name="runScenario" description="Runs Cucumber Scenarios" data-provider="scenarios" finished-at="2020-12-09T21:58:02 EST" duration-ms="4661" status="PASS">
          <params>
            <param index="0">
              <value>
                <![CDATA["Login the user"]]>
              </value>
            </param>
            <param index="1">
              <value>
                <![CDATA["Optional[Navigation Flow]"]]>
              </value>
            </param>
          </params>
          <reporter-output>
          </reporter-output>
        </test-method> <!-- runScenario -->
        <test-method signature="runScenario(io.cucumber.testng.PickleWrapper, io.cucumber.testng.FeatureWrapper)[pri:0, instance:cucumberOptions.TestRunner@275710fc]" started-at="2020-12-09T21:58:02 EST" name="runScenario" description="Runs Cucumber Scenarios" data-provider="scenarios" finished-at="2020-12-09T21:58:05 EST" duration-ms="3246" status="PASS">
          <params>
            <param index="0">
              <value>
                <![CDATA["Login the user"]]>
              </value>
            </param>
            <param index="1">
              <value>
                <![CDATA["Optional[Navigation Flow]"]]>
              </value>
            </param>
          </params>
          <reporter-output>
          </reporter-output>
        </test-method> <!-- runScenario -->
        <test-method is-config="true" signature="tearDownClass()[pri:0, instance:cucumberOptions.TestRunner@275710fc]" started-at="2020-12-09T21:58:05 EST" name="tearDownClass" finished-at="2020-12-09T21:58:05 EST" duration-ms="12" status="PASS">
          <reporter-output>
          </reporter-output>
        </test-method> <!-- tearDownClass -->
      </class> <!-- cucumberOptions.TestRunner -->
    </test> <!-- validateNumber -->
  </suite> <!-- Suite -->
</testng-results>
