<?xml version="1.0" encoding="UTF-8"?>
<testsuite xmlns:xsi="http://www.w3.org/2001/XMLSchema-instance" xsi:noNamespaceSchemaLocation="https://maven.apache.org/surefire/maven-surefire-plugin/xsd/surefire-test-report-3.0.xsd" version="3.0" name="TestSuite" time="9.574" tests="4" errors="0" skipped="0" failures="0">
  <properties>
[...]
</properties>
  <testcase name="validateNumber" classname="Framework.End2End.ValidateNumber" time="4.209">
    <system-out><![CDATA[chrome
chrome
chrome
]]></system-out>
    <system-err><![CDATA[SSStttaarartrtitinngig  nCChg hrCrhrooommmeeeDDrDrirviievvr ee8r6r.  088.66.4.020.4.4042.242420 .(2032.982 b20(73 49(833b90387b54033734f53f33f53f363f6ff3b6f1fbbb812b1486284bf66883f2a634a369a383bf4a6e932e3a8b93e4a-e9r23ebef48se9/2eb-rreae8nfc9she-/headbs-r/ra4enf2c4sh0/-@bh{eraa#dnsc/h43-27h4e0a@{ds8#/}34)724 80}@o){# n3o7n  p8poo}rrt)t   3o72n84 97p
7o
OrnOntlly  ly2o cal0lo c1ca9lo 4ncno
neOneccnttlioynsi  aolrneo sac llaaorwlee d .
caPlloelanosnew eesedcet .ihto
tpnPsls:/ e/caahrrsoeme esdr ivaeer.elch lrhtootmwpiuse:m.d/.o/
rcPghle/rasoem sesedee hcrtuitrvpiset:y/-/cchorrnos.miceddherrriaovmetiriu.omcn.hsor rofgm/oisrec uusrumigtg.ye-sotcioonnrssgi /dosener cakuterieioptniysn- gcf ooCnrhs risodumegergDaertsiitvoienors  nsfsao froe n.s 
ukegCehpgrionemgse DCtrhiirvooemnres D wroainsv  eksret easpraitfneegd.  
CshurcCochmeresoDsmrfeiuDvlreliryv .esr
a fwea.s
 stCahrrtoemde Drsiuvcerc ewsass fsutlarltyed. 
successfully.
[1607396039.277][WARNING]: This version of ChromeDriver has not been tested with Chrome version 87.
[16[0176309763093690.339.33311]][[WWAARRNNIINNGG]]::  This version of CThromeDriver has nhoits ve rsbeen testied with on of ChromeCDhrriovmee r vhearss ion n8o7t. 
been tested with Chrome version 87.
Dec 07, 2020 9:53:59 PM org.openqa.selenium.remote.ProtocolHandshake createSession
INFO: Detected dialect: W3C
Dec 07, 2020 9:53:59 PM org.openqa.selenium.remote.ProtocolHandshake createSession
INFO: Detected dialect: W3C
Dec 07, 2020 9:53:59 PM org.openqa.selenium.remote.ProtocolHandshake createSession
INFO: Detected dialect: W3C
]]></system-err>
  </testcase>
  <testcase name="validateLogo" classname="Framework.End2End.ValidateLogo" time="4.212"/>
  <testcase name="baseNavigationPath[My Username, My Password, Not Allowed](1)" classname="Framework.End2End.HomePageTest" time="5.448">
    <system-out><![CDATA[Not Allowed
]]></system-out>
  </testcase>
  <testcase name="baseNavigationPath[My Other Username, My Other Password, Allowed](2)" classname="Framework.End2End.HomePageTest" time="3.852">
    <system-out><![CDATA[chrome
Allowed
]]></system-out>
    <system-err><![CDATA[Starting ChromeDriver 86.0.4240.22 (398b0743353ff36fb1b82468f63a3a93b4e2e89e-refs/branch-heads/4240@{#378}) on port 30632
Only local connections are allowed.
Please see https://chromedriver.chromium.org/security-considerations for suggestions on keeping ChromeDriver safe.
ChromeDriver was started successfully.
[1607396043.624][WARNING]: This version of ChromeDriver has not been tested with Chrome version 87.
Dec 07, 2020 9:54:03 PM org.openqa.selenium.remote.ProtocolHandshake createSession
INFO: Detected dialect: W3C
]]></system-err>
  </testcase>
</testsuite>