<?xml version="1.0" encoding="UTF-8"?>
<testng-results ignored="0" total="1" passed="1" failed="0" skipped="0">
  <reporter-output>
  </reporter-output>
  <suite started-at="2020-12-07T21:38:57 EST" name="Default suite" finished-at="2020-12-07T21:39:01 EST" duration-ms="3279">
    <groups>
    </groups>
    <test started-at="2020-12-07T21:38:57 EST" name="Default test" finished-at="2020-12-07T21:39:01 EST" duration-ms="3279">
      <class name="Framework.End2End.ValidateLogo">
        <test-method signature="validateLogo()[pri:0, instance:Framework.End2End.ValidateLogo@657c8ad9]" started-at="2020-12-07T21:38:57 EST" name="validateLogo" finished-at="2020-12-07T21:39:00 EST" duration-ms="3190" status="PASS">
          <reporter-output>
          </reporter-output>
        </test-method> <!-- validateLogo -->
        <test-method is-config="true" signature="close()[pri:0, instance:Framework.End2End.ValidateLogo@657c8ad9]" started-at="2020-12-07T21:39:00 EST" name="close" finished-at="2020-12-07T21:39:01 EST" duration-ms="61" status="PASS">
          <reporter-output>
          </reporter-output>
        </test-method> <!-- close -->
      </class> <!-- Framework.End2End.ValidateLogo -->
    </test> <!-- Default test -->
  </suite> <!-- Default suite -->
</testng-results>
