<?xml version="1.0" encoding="UTF-8"?>
<testng-results ignored="0" total="3" passed="2" failed="1" skipped="0">
  <reporter-output>
  </reporter-output>
  <suite started-at="2020-12-09T21:56:42 EST" name="Suite" finished-at="2020-12-09T21:56:54 EST" duration-ms="11515">
    <groups>
      <group name="cucumber">
        <method signature="AbstractTestNGCucumberTests.runScenario(io.cucumber.testng.PickleWrapper, io.cucumber.testng.FeatureWrapper)[pri:0, instance:cucumberOptions.TestRunner@23f7d05d]" name="runScenario" class="io.cucumber.testng.AbstractTestNGCucumberTests"/>
      </group> <!-- cucumber -->
    </groups>
    <test started-at="2020-12-09T21:56:42 EST" name="validateNumber" finished-at="2020-12-09T21:56:54 EST" duration-ms="11515">
      <class name="cucumberOptions.TestRunner">
        <test-method is-config="true" signature="setUpClass()[pri:0, instance:cucumberOptions.TestRunner@23f7d05d]" started-at="2020-12-09T21:56:42 EST" name="setUpClass" finished-at="2020-12-09T21:56:42 EST" duration-ms="216" status="PASS">
          <reporter-output>
          </reporter-output>
        </test-method> <!-- setUpClass -->
        <test-method signature="runScenario(io.cucumber.testng.PickleWrapper, io.cucumber.testng.FeatureWrapper)[pri:0, instance:cucumberOptions.TestRunner@23f7d05d]" started-at="2020-12-09T21:56:42 EST" name="runScenario" description="Runs Cucumber Scenarios" data-provider="scenarios" finished-at="2020-12-09T21:56:47 EST" duration-ms="4463" status="PASS">
          <params>
            <param index="0">
              <value>
                <![CDATA["Login the user"]]>
              </value>
            </param>
            <param index="1">
              <value>
                <![CDATA["Optional[Navigation Flow]"]]>
              </value>
            </param>
          </params>
          <reporter-output>
          </reporter-output>
        </test-method> <!-- runScenario -->
        <test-method signature="runScenario(io.cucumber.testng.PickleWrapper, io.cucumber.testng.FeatureWrapper)[pri:0, instance:cucumberOptions.TestRunner@23f7d05d]" started-at="2020-12-09T21:56:47 EST" name="runScenario" description="Runs Cucumber Scenarios" data-provider="scenarios" finished-at="2020-12-09T21:56:51 EST" duration-ms="3788" status="PASS">
          <params>
            <param index="0">
              <value>
                <![CDATA["Login the user"]]>
              </value>
            </param>
            <param index="1">
              <value>
                <![CDATA["Optional[Navigation Flow]"]]>
              </value>
            </param>
          </params>
          <reporter-output>
          </reporter-output>
        </test-method> <!-- runScenario -->
        <test-method signature="runScenario(io.cucumber.testng.PickleWrapper, io.cucumber.testng.FeatureWrapper)[pri:0, instance:cucumberOptions.TestRunner@23f7d05d]" started-at="2020-12-09T21:56:51 EST" name="runScenario" description="Runs Cucumber Scenarios" data-provider="scenarios" finished-at="2020-12-09T21:56:54 EST" duration-ms="3009" status="FAIL">
          <params>
            <param index="0">
              <value>
                <![CDATA["Sign up user"]]>
              </value>
            </param>
            <param index="1">
              <value>
                <![CDATA["Optional[Navigation Flow]"]]>
              </value>
            </param>
          </params>
          <exception class="io.cucumber.testng.UndefinedStepException">
            <message>
              <![CDATA[The step "User clicks on try it for free button" is undefined. You can implement it using the snippet(s) below:

@Given("User clicks on try it for free button")
public void user_clicks_on_try_it_for_free_button() {
    // Write code here that turns the phrase above into concrete actions
    throw new io.cucumber.java.PendingException();
}
]]>
            </message>
            <full-stacktrace>
              <![CDATA[io.cucumber.testng.UndefinedStepException: The step "User clicks on try it for free button" is undefined. You can implement it using the snippet(s) below:

@Given("User clicks on try it for free button")
public void user_clicks_on_try_it_for_free_button() {
    // Write code here that turns the phrase above into concrete actions
    throw new io.cucumber.java.PendingException();
}

at io.cucumber.core.runtime.TestCaseResultObserver.assertTestCasePassed(TestCaseResultObserver.java:102)
at io.cucumber.testng.TestCaseResultObserver.assertTestCasePassed(TestCaseResultObserver.java:23)
at io.cucumber.testng.TestNGCucumberRunner.lambda$runScenario$0(TestNGCucumberRunner.java:117)
at io.cucumber.core.runtime.CucumberExecutionContext.runTestCase(CucumberExecutionContext.java:117)
at io.cucumber.testng.TestNGCucumberRunner.runScenario(TestNGCucumberRunner.java:113)
at io.cucumber.testng.AbstractTestNGCucumberTests.runScenario(AbstractTestNGCucumberTests.java:31)
at java.base/jdk.internal.reflect.NativeMethodAccessorImpl.invoke0(Native Method)
at java.base/jdk.internal.reflect.NativeMethodAccessorImpl.invoke(NativeMethodAccessorImpl.java:62)
at java.base/jdk.internal.reflect.DelegatingMethodAccessorImpl.invoke(DelegatingMethodAccessorImpl.java:43)
at java.base/java.lang.reflect.Method.invoke(Method.java:567)
at org.testng.internal.MethodInvocationHelper.invokeMethod(MethodInvocationHelper.java:132)
at org.testng.internal.TestInvoker.invokeMethod(TestInvoker.java:599)
at org.testng.internal.TestInvoker.invokeTestMethod(TestInvoker.java:174)
at org.testng.internal.MethodRunner.runInSequence(MethodRunner.java:46)
at org.testng.internal.TestInvoker$MethodInvocationAgent.invoke(TestInvoker.java:822)
at org.testng.internal.TestInvoker.invokeTestMethods(TestInvoker.java:147)
at org.testng.internal.TestMethodWorker.invokeTestMethods(TestMethodWorker.java:146)
at org.testng.internal.TestMethodWorker.run(TestMethodWorker.java:128)
at java.base/java.util.ArrayList.forEach(ArrayList.java:1507)
at org.testng.TestRunner.privateRun(TestRunner.java:764)
at org.testng.TestRunner.run(TestRunner.java:585)
at org.testng.SuiteRunner.runTest(SuiteRunner.java:384)
at org.testng.SuiteRunner.access$000(SuiteRunner.java:28)
at org.testng.SuiteRunner$SuiteWorker.run(SuiteRunner.java:425)
at org.testng.internal.thread.ThreadUtil.lambda$execute$0(ThreadUtil.java:66)
at java.base/java.util.concurrent.FutureTask.run(FutureTask.java:264)
at java.base/java.util.concurrent.ThreadPoolExecutor.runWorker(ThreadPoolExecutor.java:1128)
at java.base/java.util.concurrent.ThreadPoolExecutor$Worker.run(ThreadPoolExecutor.java:628)
at java.base/java.lang.Thread.run(Thread.java:830)
]]>
            </full-stacktrace>
          </exception> <!-- io.cucumber.testng.UndefinedStepException -->
          <reporter-output>
          </reporter-output>
        </test-method> <!-- runScenario -->
        <test-method is-config="true" signature="tearDownClass()[pri:0, instance:cucumberOptions.TestRunner@23f7d05d]" started-at="2020-12-09T21:56:54 EST" name="tearDownClass" finished-at="2020-12-09T21:56:54 EST" duration-ms="7" status="PASS">
          <reporter-output>
          </reporter-output>
        </test-method> <!-- tearDownClass -->
      </class> <!-- cucumberOptions.TestRunner -->
    </test> <!-- validateNumber -->
  </suite> <!-- Suite -->
</testng-results>
